2025-12-30 10:17:36,990 [INFO] um_agent_coder.harness.main: Starting harness with roadmap: specs/roadmap.md
2025-12-30 10:17:36,991 [INFO] um_agent_coder.harness.main: Default CLI: codex (model: gpt-5.2)
2025-12-30 10:17:36,992 [INFO] um_agent_coder.harness.main: Loaded roadmap: Example SaaS Project
2025-12-30 10:17:36,992 [INFO] um_agent_coder.harness.main: Objective: Create a SaaS application generating $500 MRR through a subscription-based service.
2025-12-30 10:17:36,992 [INFO] um_agent_coder.harness.main: Tasks: 12 across 5 phases
2025-12-30 10:17:36,992 [INFO] um_agent_coder.harness.state: Created new harness state
2025-12-30 10:17:36,999 [INFO] um_agent_coder.harness.main: Executing task: task-001 - Initialize Next.js 14 project with TypeScript and Tailwind CSS
2025-12-30 10:17:36,999 [INFO] um_agent_coder.harness.main: [DRY RUN] Would execute via codex (gpt-5.2): Initialize Next.js 14 project with TypeScript and Tailwind CSS
2025-12-30 10:17:47,005 [INFO] um_agent_coder.harness.main: Executing task: task-002 - Set up authentication with Clerk or NextAuth
2025-12-30 10:17:47,005 [INFO] um_agent_coder.harness.main: [DRY RUN] Would execute via codex: Set up authentication with Clerk or NextAuth
2025-12-30 10:17:57,013 [INFO] um_agent_coder.harness.main: Executing task: task-003 - Create basic dashboard layout with navigation
2025-12-30 10:17:57,013 [INFO] um_agent_coder.harness.main: [DRY RUN] Would execute via codex: Create basic dashboard layout with navigation
2025-12-30 10:18:07,021 [INFO] um_agent_coder.harness.main: Executing task: task-004 - Implement the core SaaS feature/value proposition
2025-12-30 10:18:07,021 [INFO] um_agent_coder.harness.main: [DRY RUN] Would execute via claude (claude-opus-4.5): Implement the core SaaS feature/value proposition
2025-12-30 10:18:17,027 [INFO] um_agent_coder.harness.main: Executing task: task-005 - Add data persistence with database (Supabase/Postgres)
2025-12-30 10:18:17,027 [INFO] um_agent_coder.harness.main: [DRY RUN] Would execute via codex: Add data persistence with database (Supabase/Postgres)
2025-12-30 10:18:27,034 [INFO] um_agent_coder.harness.main: Executing task: task-006 - Integrate Stripe for payment processing
2025-12-30 10:18:27,034 [INFO] um_agent_coder.harness.main: [DRY RUN] Would execute via codex: Integrate Stripe for payment processing
2025-12-30 10:18:37,037 [INFO] um_agent_coder.harness.main: Executing task: task-007 - Create pricing page with subscription tiers
2025-12-30 10:18:37,038 [INFO] um_agent_coder.harness.main: [DRY RUN] Would execute via codex: Create pricing page with subscription tiers
2025-12-30 10:18:47,047 [INFO] um_agent_coder.harness.main: Executing task: task-008 - Implement subscription management (upgrade/downgrade/cancel)
2025-12-30 10:18:47,048 [INFO] um_agent_coder.harness.main: [DRY RUN] Would execute via codex: Implement subscription management (upgrade/downgrade/cancel)
2025-12-30 10:18:57,057 [INFO] um_agent_coder.harness.main: Executing task: task-009 - Deploy to Vercel with production configuration
2025-12-30 10:18:57,058 [INFO] um_agent_coder.harness.main: [DRY RUN] Would execute via codex: Deploy to Vercel with production configuration
2025-12-30 10:19:07,064 [INFO] um_agent_coder.harness.main: Executing task: task-010 - Set up monitoring and error tracking (Sentry)
2025-12-30 10:19:07,064 [INFO] um_agent_coder.harness.main: [DRY RUN] Would execute via codex: Set up monitoring and error tracking (Sentry)
2025-12-30 10:19:17,066 [INFO] um_agent_coder.harness.main: Executing task: task-011 - Analyze codebase for architecture improvements
2025-12-30 10:19:17,066 [INFO] um_agent_coder.harness.main: [DRY RUN] Would execute via gemini (gemini-3-pro): Analyze codebase for architecture improvements
2025-12-30 10:19:27,072 [INFO] um_agent_coder.harness.main: Executing task: task-012 - Quick review of security best practices
2025-12-30 10:19:27,072 [INFO] um_agent_coder.harness.main: [DRY RUN] Would execute via gemini (gemini-3-flash): Quick review of security best practices
2025-12-30 10:19:37,077 [INFO] um_agent_coder.harness.main: All tasks complete! Entering growth mode...
2025-12-30 10:19:37,079 [INFO] um_agent_coder.harness.main: Growth iteration 1
2025-12-30 10:19:37,079 [INFO] um_agent_coder.harness.executors: Starting codex: codex -m gpt-5.2 --approval-policy never...
2025-12-30 10:19:37,096 [WARNING] um_agent_coder.harness.growth: Growth task generation failed: error: unexpected argument '--approval-policy' found

  tip: to pass '--approval-policy' as a value, use '-- --approval-policy'

Usage: codex [OPTIONS] [PROMPT]
       codex [OPTIONS] <COMMAND> [ARGS]

For more information, try '--help'.

2025-12-30 10:19:37,097 [WARNING] um_agent_coder.harness.main: Could not generate growth task, waiting...
2025-12-30 10:19:47,101 [INFO] um_agent_coder.harness.main: Growth iteration 1
2025-12-30 10:19:47,102 [INFO] um_agent_coder.harness.executors: Starting codex: codex -m gpt-5.2 --approval-policy never...
2025-12-30 10:19:47,112 [WARNING] um_agent_coder.harness.growth: Growth task generation failed: error: unexpected argument '--approval-policy' found

  tip: to pass '--approval-policy' as a value, use '-- --approval-policy'

Usage: codex [OPTIONS] [PROMPT]
       codex [OPTIONS] <COMMAND> [ARGS]

For more information, try '--help'.

2025-12-30 10:19:47,112 [WARNING] um_agent_coder.harness.main: Could not generate growth task, waiting...
2025-12-30 10:19:57,117 [INFO] um_agent_coder.harness.main: Growth iteration 1
2025-12-30 10:19:57,117 [INFO] um_agent_coder.harness.executors: Starting codex: codex -m gpt-5.2 --approval-policy never...
2025-12-30 10:19:57,129 [WARNING] um_agent_coder.harness.growth: Growth task generation failed: error: unexpected argument '--approval-policy' found

  tip: to pass '--approval-policy' as a value, use '-- --approval-policy'

Usage: codex [OPTIONS] [PROMPT]
       codex [OPTIONS] <COMMAND> [ARGS]

For more information, try '--help'.

2025-12-30 10:19:57,129 [WARNING] um_agent_coder.harness.main: Could not generate growth task, waiting...
2025-12-30 10:20:07,134 [INFO] um_agent_coder.harness.main: Growth iteration 1
2025-12-30 10:20:07,134 [INFO] um_agent_coder.harness.executors: Starting codex: codex -m gpt-5.2 --approval-policy never...
2025-12-30 10:20:07,148 [WARNING] um_agent_coder.harness.growth: Growth task generation failed: error: unexpected argument '--approval-policy' found

  tip: to pass '--approval-policy' as a value, use '-- --approval-policy'

Usage: codex [OPTIONS] [PROMPT]
       codex [OPTIONS] <COMMAND> [ARGS]

For more information, try '--help'.

2025-12-30 10:20:07,148 [WARNING] um_agent_coder.harness.main: Could not generate growth task, waiting...
